*** Using Compiler 'V5.05 update 2 (build 169)', folder: 'D:\Software\Keil_v5\MDK\ARM\ARMCC\Bin'
Build target 'STM32Demo'
assembling startup_stm32f10x_hd.s...
compiling core_cm3.c...
compiling stm32f10x_it.c...
compiling system_stm32f10x.c...
compiling misc.c...
compiling stm32f10x_adc.c...
compiling stm32f10x_bkp.c...
compiling stm32f10x_can.c...
compiling stm32f10x_cec.c...
compiling stm32f10x_crc.c...
compiling stm32f10x_dac.c...
compiling stm32f10x_dbgmcu.c...
compiling stm32f10x_dma.c...
compiling stm32f10x_exti.c...
compiling stm32f10x_flash.c...
compiling stm32f10x_fsmc.c...
compiling stm32f10x_gpio.c...
compiling stm32f10x_i2c.c...
compiling stm32f10x_iwdg.c...
compiling stm32f10x_pwr.c...
compiling stm32f10x_rcc.c...
compiling stm32f10x_rtc.c...
compiling stm32f10x_sdio.c...
compiling stm32f10x_spi.c...
compiling stm32f10x_tim.c...
compiling stm32f10x_usart.c...
compiling stm32f10x_wwdg.c...
compiling bsp_sys.c...
compiling bsp_delay.c...
compiling bsp_led.c...
compiling bsp_sys_tim.c...
compiling bsp_uart.c...
"no source": Error:  #5: cannot open source input file "..\BSP\bsp_uart\bsp_uart.c": No such file or directory
..\BSP\bsp_uart\bsp_uart.c: 0 warnings, 1 error
compiling api_main.c...
compiling app_main.c...
compiling ui_main.c...
compiling method_main.c...
linking...
.\Objects\STM32Demo.axf: error: L6002U: Could not open file .\objects\bsp_uart.o: No such file or directory
Finished: 0 information, 0 warning, 0 error and 1 fatal error messages.
".\Objects\STM32Demo.axf" - 1 Error(s), 0 Warning(s).
Target not created.
